atp_response_data: Array
(
    [headers] => Array
        (
        )

    [body] => 
    [response] => Array
        (
            [code] => 
            [message] => 
        )

    [cookies] => Array
        (
        )

    [http_response] => 
)
 

atp_response_data: Array
(
    [headers] => Array
        (
        )

    [body] => 
    [response] => Array
        (
            [code] => 
            [message] => 
        )

    [cookies] => Array
        (
        )

    [http_response] => 
)
 

atp_response_data: Array
(
    [headers] => Array
        (
        )

    [body] => 
    [response] => Array
        (
            [code] => 
            [message] => 
        )

    [cookies] => Array
        (
        )

    [http_response] => 
)
 

atp_response_data: Array
(
    [headers] => Array
        (
        )

    [body] => 
    [response] => Array
        (
            [code] => 
            [message] => 
        )

    [cookies] => Array
        (
        )

    [http_response] => 
)
 

atp_response_data: Array
(
    [headers] => Array
        (
        )

    [body] => 
    [response] => Array
        (
            [code] => 
            [message] => 
        )

    [cookies] => Array
        (
        )

    [http_response] => 
)
 

atp_response_data: Array
(
    [headers] => Array
        (
        )

    [body] => 
    [response] => Array
        (
            [code] => 
            [message] => 
        )

    [cookies] => Array
        (
        )

    [http_response] => 
)
 

atp_response_data: Array
(
    [headers] => Array
        (
        )

    [body] => 
    [response] => Array
        (
            [code] => 
            [message] => 
        )

    [cookies] => Array
        (
        )

    [http_response] => 
)
 

atp_response_data: Array
(
    [headers] => Array
        (
        )

    [body] => 
    [response] => Array
        (
            [code] => 
            [message] => 
        )

    [cookies] => Array
        (
        )

    [http_response] => 
)
 

atp_response_data: Array
(
    [headers] => Array
        (
        )

    [body] => 
    [response] => Array
        (
            [code] => 
            [message] => 
        )

    [cookies] => Array
        (
        )

    [http_response] => 
)
 

atp_response_data: Array
(
    [headers] => Array
        (
        )

    [body] => 
    [response] => Array
        (
            [code] => 
            [message] => 
        )

    [cookies] => Array
        (
        )

    [http_response] => 
)
 

atp_response_data: Array
(
    [headers] => Array
        (
        )

    [body] => 
    [response] => Array
        (
            [code] => 
            [message] => 
        )

    [cookies] => Array
        (
        )

    [http_response] => 
)
 

atp_response_data: Array
(
    [headers] => Array
        (
        )

    [body] => 
    [response] => Array
        (
            [code] => 
            [message] => 
        )

    [cookies] => Array
        (
        )

    [http_response] => 
)
 

atp_response_data: Array
(
    [headers] => Array
        (
        )

    [body] => 
    [response] => Array
        (
            [code] => 
            [message] => 
        )

    [cookies] => Array
        (
        )

    [http_response] => 
)
 

atp_response_data: Array
(
    [headers] => Array
        (
        )

    [body] => 
    [response] => Array
        (
            [code] => 
            [message] => 
        )

    [cookies] => Array
        (
        )

    [http_response] => 
)
 

atp_response_data: Array
(
    [headers] => Array
        (
        )

    [body] => 
    [response] => Array
        (
            [code] => 
            [message] => 
        )

    [cookies] => Array
        (
        )

    [http_response] => 
)
 

